<?xml version="1.0" encoding="UTF-8"?>
<testsuite name="com.lawcase.app.init.LawCaseApplicationTests" tests="1" skipped="0" failures="0" errors="0" timestamp="2021-11-09T10:36:26" hostname="AHMAD-PC" time="0.121">
  <properties/>
  <testcase name="contextLoads()" classname="com.lawcase.app.init.LawCaseApplicationTests" time="0.121"/>
  <system-out><![CDATA[15:35:27.592 [Test worker] DEBUG org.springframework.test.context.BootstrapUtils - Instantiating CacheAwareContextLoaderDelegate from class [org.springframework.test.context.cache.DefaultCacheAwareContextLoaderDelegate]
15:35:27.621 [Test worker] DEBUG org.springframework.test.context.BootstrapUtils - Instantiating BootstrapContext using constructor [public org.springframework.test.context.support.DefaultBootstrapContext(java.lang.Class,org.springframework.test.context.CacheAwareContextLoaderDelegate)]
15:35:27.687 [Test worker] DEBUG org.springframework.test.context.BootstrapUtils - Instantiating TestContextBootstrapper for test class [com.lawcase.app.init.LawCaseApplicationTests] from class [org.springframework.boot.test.context.SpringBootTestContextBootstrapper]
15:35:27.709 [Test worker] INFO org.springframework.boot.test.context.SpringBootTestContextBootstrapper - Neither @ContextConfiguration nor @ContextHierarchy found for test class [com.lawcase.app.init.LawCaseApplicationTests], using SpringBootContextLoader
15:35:27.715 [Test worker] DEBUG org.springframework.test.context.support.AbstractContextLoader - Did not detect default resource location for test class [com.lawcase.app.init.LawCaseApplicationTests]: class path resource [com/lawcase/app/init/LawCaseApplicationTests-context.xml] does not exist
15:35:27.716 [Test worker] DEBUG org.springframework.test.context.support.AbstractContextLoader - Did not detect default resource location for test class [com.lawcase.app.init.LawCaseApplicationTests]: class path resource [com/lawcase/app/init/LawCaseApplicationTestsContext.groovy] does not exist
15:35:27.717 [Test worker] INFO org.springframework.test.context.support.AbstractContextLoader - Could not detect default resource locations for test class [com.lawcase.app.init.LawCaseApplicationTests]: no resource found for suffixes {-context.xml, Context.groovy}.
15:35:27.718 [Test worker] INFO org.springframework.test.context.support.AnnotationConfigContextLoaderUtils - Could not detect default configuration classes for test class [com.lawcase.app.init.LawCaseApplicationTests]: LawCaseApplicationTests does not declare any static, non-private, non-final, nested classes annotated with @Configuration.
15:35:27.815 [Test worker] DEBUG org.springframework.test.context.support.ActiveProfilesUtils - Could not find an 'annotation declaring class' for annotation type [org.springframework.test.context.ActiveProfiles] and class [com.lawcase.app.init.LawCaseApplicationTests]
15:35:27.954 [Test worker] DEBUG org.springframework.context.annotation.ClassPathScanningCandidateComponentProvider - Identified candidate component class: file [F:\LawCase-Project\LawCase\build\classes\java\main\com\lawcase\app\LawCaseApplication.class]
15:35:27.956 [Test worker] INFO org.springframework.boot.test.context.SpringBootTestContextBootstrapper - Found @SpringBootConfiguration com.lawcase.app.LawCaseApplication for test class com.lawcase.app.init.LawCaseApplicationTests
15:35:28.196 [Test worker] DEBUG org.springframework.boot.test.context.SpringBootTestContextBootstrapper - @TestExecutionListeners is not present for class [com.lawcase.app.init.LawCaseApplicationTests]: using defaults.
15:35:28.197 [Test worker] INFO org.springframework.boot.test.context.SpringBootTestContextBootstrapper - Loaded default TestExecutionListener class names from location [META-INF/spring.factories]: [org.springframework.boot.test.autoconfigure.restdocs.RestDocsTestExecutionListener, org.springframework.boot.test.autoconfigure.web.client.MockRestServiceServerResetTestExecutionListener, org.springframework.boot.test.autoconfigure.web.servlet.MockMvcPrintOnlyOnFailureTestExecutionListener, org.springframework.boot.test.autoconfigure.web.servlet.WebDriverTestExecutionListener, org.springframework.boot.test.autoconfigure.webservices.client.MockWebServiceServerTestExecutionListener, org.springframework.boot.test.mock.mockito.MockitoTestExecutionListener, org.springframework.boot.test.mock.mockito.ResetMocksTestExecutionListener, org.springframework.test.context.web.ServletTestExecutionListener, org.springframework.test.context.support.DirtiesContextBeforeModesTestExecutionListener, org.springframework.test.context.event.ApplicationEventsTestExecutionListener, org.springframework.test.context.support.DependencyInjectionTestExecutionListener, org.springframework.test.context.support.DirtiesContextTestExecutionListener, org.springframework.test.context.transaction.TransactionalTestExecutionListener, org.springframework.test.context.jdbc.SqlScriptsTestExecutionListener, org.springframework.test.context.event.EventPublishingTestExecutionListener]
15:35:28.228 [Test worker] INFO org.springframework.boot.test.context.SpringBootTestContextBootstrapper - Using TestExecutionListeners: [org.springframework.test.context.web.ServletTestExecutionListener@6c2c1385, org.springframework.test.context.support.DirtiesContextBeforeModesTestExecutionListener@5f354bcf, org.springframework.test.context.event.ApplicationEventsTestExecutionListener@3daf7722, org.springframework.boot.test.mock.mockito.MockitoTestExecutionListener@78641d23, org.springframework.boot.test.autoconfigure.SpringBootDependencyInjectionTestExecutionListener@74589991, org.springframework.test.context.support.DirtiesContextTestExecutionListener@146dfe6, org.springframework.test.context.transaction.TransactionalTestExecutionListener@4716be8b, org.springframework.test.context.jdbc.SqlScriptsTestExecutionListener@1fc32e4f, org.springframework.test.context.event.EventPublishingTestExecutionListener@2f67b837, org.springframework.boot.test.autoconfigure.restdocs.RestDocsTestExecutionListener@1869fbd2, org.springframework.boot.test.autoconfigure.web.client.MockRestServiceServerResetTestExecutionListener@6af9fcb2, org.springframework.boot.test.autoconfigure.web.servlet.MockMvcPrintOnlyOnFailureTestExecutionListener@6cce16f4, org.springframework.boot.test.autoconfigure.web.servlet.WebDriverTestExecutionListener@7efaad5a, org.springframework.boot.test.autoconfigure.webservices.client.MockWebServiceServerTestExecutionListener@291a7e3c, org.springframework.boot.test.mock.mockito.ResetMocksTestExecutionListener@ca30bc1]
15:35:28.236 [Test worker] DEBUG org.springframework.test.context.support.AbstractDirtiesContextTestExecutionListener - Before test class: context [DefaultTestContext@130e116b testClass = LawCaseApplicationTests, testInstance = [null], testMethod = [null], testException = [null], mergedContextConfiguration = [WebMergedContextConfiguration@e383572 testClass = LawCaseApplicationTests, locations = '{}', classes = '{class com.lawcase.app.LawCaseApplication}', contextInitializerClasses = '[]', activeProfiles = '{}', propertySourceLocations = '{}', propertySourceProperties = '{org.springframework.boot.test.context.SpringBootTestContextBootstrapper=true}', contextCustomizers = set[org.springframework.boot.test.autoconfigure.actuate.metrics.MetricsExportContextCustomizerFactory$DisableMetricExportContextCustomizer@6e9175d8, org.springframework.boot.test.autoconfigure.properties.PropertyMappingContextCustomizer@0, org.springframework.boot.test.autoconfigure.web.servlet.WebDriverContextCustomizerFactory$Customizer@58cbafc2, org.springframework.boot.test.context.filter.ExcludeFilterContextCustomizer@74e28667, org.springframework.boot.test.json.DuplicateJsonObjectContextCustomizerFactory$DuplicateJsonObjectContextCustomizer@19e4653c, org.springframework.boot.test.mock.mockito.MockitoContextCustomizer@0, org.springframework.boot.test.web.client.TestRestTemplateContextCustomizer@3ba987b8, org.springframework.boot.test.context.SpringBootTestArgs@1, org.springframework.boot.test.context.SpringBootTestWebEnvironment@15b204a1], resourceBasePath = 'src/main/webapp', contextLoader = 'org.springframework.boot.test.context.SpringBootContextLoader', parent = [null]], attributes = map['org.springframework.test.context.web.ServletTestExecutionListener.activateListener' -> true]], class annotated with @DirtiesContext [false] with mode [null].
15:35:28.279 [Test worker] DEBUG org.springframework.test.context.support.TestPropertySourceUtils - Adding inlined properties to environment: {spring.jmx.enabled=false, org.springframework.boot.test.context.SpringBootTestContextBootstrapper=true}

  .   ____          _            __ _ _
 /\\ / ___'_ __ _ _(_)_ __  __ _ \ \ \ \
( ( )\___ | '_ | '_| | '_ \/ _` | \ \ \ \
 \\/  ___)| |_)| | | | | || (_| |  ) ) ) )
  '  |____| .__|_| |_|_| |_\__, | / / / /
 =========|_|==============|___/=/_/_/_/
 :: Spring Boot ::                (v2.5.5)

2021-11-09 15:35:28.769  INFO 20612 --- [    Test worker] c.l.app.init.LawCaseApplicationTests     : Starting LawCaseApplicationTests using Java 1.8.0-262 on AHMAD-PC with PID 20612 (started by ahmad in F:\LawCase-Project\LawCase)
2021-11-09 15:35:28.773  INFO 20612 --- [    Test worker] c.l.app.init.LawCaseApplicationTests     : No active profile set, falling back to default profiles: default
2021-11-09 15:35:29.974  INFO 20612 --- [    Test worker] .s.d.r.c.RepositoryConfigurationDelegate : Bootstrapping Spring Data JPA repositories in DEFAULT mode.
2021-11-09 15:35:30.152  INFO 20612 --- [    Test worker] .s.d.r.c.RepositoryConfigurationDelegate : Finished Spring Data repository scanning in 164 ms. Found 15 JPA repository interfaces.
2021-11-09 15:35:31.366  INFO 20612 --- [    Test worker] o.hibernate.jpa.internal.util.LogHelper  : HHH000204: Processing PersistenceUnitInfo [name: default]
2021-11-09 15:35:31.553  INFO 20612 --- [    Test worker] org.hibernate.Version                    : HHH000412: Hibernate ORM core version 5.4.32.Final
2021-11-09 15:35:31.797  INFO 20612 --- [    Test worker] o.hibernate.annotations.common.Version   : HCANN000001: Hibernate Commons Annotations {5.1.2.Final}
2021-11-09 15:35:31.994  INFO 20612 --- [    Test worker] com.zaxxer.hikari.HikariDataSource       : HikariPool-1 - Starting...
2021-11-09 15:35:35.836  INFO 20612 --- [    Test worker] com.zaxxer.hikari.HikariDataSource       : HikariPool-1 - Start completed.
2021-11-09 15:35:35.917  INFO 20612 --- [    Test worker] org.hibernate.dialect.Dialect            : HHH000400: Using dialect: org.hibernate.dialect.PostgreSQLDialect
2021-11-09 15:36:23.200  INFO 20612 --- [    Test worker] o.h.e.t.j.p.i.JtaPlatformInitiator       : HHH000490: Using JtaPlatform implementation: [org.hibernate.engine.transaction.jta.platform.internal.NoJtaPlatform]
2021-11-09 15:36:23.250  INFO 20612 --- [    Test worker] j.LocalContainerEntityManagerFactoryBean : Initialized JPA EntityManagerFactory for persistence unit 'default'
2021-11-09 15:36:24.841  WARN 20612 --- [    Test worker] JpaBaseConfiguration$JpaWebConfiguration : spring.jpa.open-in-view is enabled by default. Therefore, database queries may be performed during view rendering. Explicitly configure spring.jpa.open-in-view to disable this warning
2021-11-09 15:36:26.090  INFO 20612 --- [    Test worker] .s.s.UserDetailsServiceAutoConfiguration : 

Using generated security password: 38b0584a-022e-44fa-a221-6cd688d52479

2021-11-09 15:36:26.503  INFO 20612 --- [    Test worker] o.s.s.web.DefaultSecurityFilterChain     : Will secure any request with [org.springframework.security.web.context.request.async.WebAsyncManagerIntegrationFilter@74c04377, org.springframework.security.web.context.SecurityContextPersistenceFilter@3b576ee3, org.springframework.security.web.header.HeaderWriterFilter@34e07e65, org.springframework.security.web.csrf.CsrfFilter@49153009, org.springframework.security.web.authentication.logout.LogoutFilter@1fcc3461, org.springframework.security.web.authentication.UsernamePasswordAuthenticationFilter@679f59f1, org.springframework.security.web.authentication.ui.DefaultLoginPageGeneratingFilter@5f9ebd5a, org.springframework.security.web.authentication.ui.DefaultLogoutPageGeneratingFilter@10d49900, org.springframework.security.web.authentication.www.BasicAuthenticationFilter@37753b69, org.springframework.security.web.savedrequest.RequestCacheAwareFilter@6212ea52, org.springframework.security.web.servletapi.SecurityContextHolderAwareRequestFilter@44392e64, org.springframework.security.web.authentication.AnonymousAuthenticationFilter@e645600, org.springframework.security.web.session.SessionManagementFilter@1dcad16f, org.springframework.security.web.access.ExceptionTranslationFilter@6a116354, org.springframework.security.web.access.intercept.FilterSecurityInterceptor@10fc1a22]
2021-11-09 15:36:26.661  INFO 20612 --- [    Test worker] c.l.app.init.LawCaseApplicationTests     : Started LawCaseApplicationTests in 58.374 seconds (JVM running for 61.259)
]]></system-out>
  <system-err><![CDATA[]]></system-err>
</testsuite>
